0:100  0:100  MemLog inited, TSC freq: 3600040540
0:100  0:000  CPU was calibrated with RTC
0:100  0:000  
0:100  0:000  Now is 24.11.2018,  9:32:25 (GMT)
0:100  0:000  Starting Clover revision: 4726 on HP EFI
0:100  0:000  Build with: [Args: -t XCODE8 -D NO_GRUB_DRIVERS_EMBEDDED -D NO_GRUB_DRIVERS --ext-co --x64 | -D NO_GRUB_DRIVERS_EMBEDDED -D NO_GRUB_DRIVERS -D USE_LOW_EBDA -a X64 -b RELEASE -t XCODE8 -n 5 | OS: 10.14.1 | XCODE: 10.0]
0:100  0:000  SelfDevicePath=PciRoot(0x0)\Pci(0x14,0x0)\USB(0x2,0x0)\HD(1,MBR,0x4D424964,0x3F,0x3BBFC1) @C684E798
0:100  0:000  SelfDirPath = \EFI\BOOT
0:100  0:000  === [ Get Smbios ] ========================================
0:100  0:000  Type 16 Index = 0
0:100  0:000  Total Memory Slots Count = 2
0:100  0:000  Type 17 Index = 0
0:100  0:000  SmbiosTable.Type17->Speed = 2400MHz
0:100  0:000  SmbiosTable.Type17->Size = 4096MB
0:100  0:000  SmbiosTable.Type17->Bank/Device = ChannelB DIMM1
0:100  0:000  SmbiosTable.Type17->Vendor = Samsung
0:100  0:000  SmbiosTable.Type17->SerialNumber = 21C2543F
0:100  0:000  SmbiosTable.Type17->PartNumber = M471A5244BB0-CRC    
0:100  0:000  Type 17 Index = 1
0:100  0:000  SmbiosTable.Type17->Speed = 2400MHz
0:100  0:000  SmbiosTable.Type17->Size = 4096MB
0:100  0:000  SmbiosTable.Type17->Bank/Device = ChannelA DIMM3
0:100  0:000  SmbiosTable.Type17->Vendor = Samsung
0:100  0:000  SmbiosTable.Type17->SerialNumber = 21C26857
0:100  0:000  SmbiosTable.Type17->PartNumber = M471A5244BB0-CRC    
0:100  0:000  Boot status=0
0:100  0:000  Running on: 'HP EliteDesk 800 G3 DM 65W' with board '829A'
0:100  0:000  === [ GetCPUProperties ] ==================================
0:100  0:000  CPU Vendor = 756E6547 Model=906E9
0:100  0:000   The CPU supported SSE4.1
0:100  0:000  BrandString = Intel(R) Core(TM) i7-7700 CPU @ 3.60GHz
0:100  0:000   The CPU supported turbo
0:100  0:000  MSR 0x35               40008
0:100  0:000   TSC/CCC Information Leaf:
0:100  0:000    numerator     : 300
0:100  0:000    denominator   : 2
0:100  0:000   Calibrated ARTFrequency: 24000270
0:100  0:000  MSR 0xE2 before patch 5E008006
0:100  0:000  MSR 0xE2 is locked, PM patches will be turned on
0:100  0:000  MSR 0xCE              08080838_F1012400
0:100  0:000  corrected FLEX_RATIO = 0
0:100  0:000  MSR 0x1B0             00000000
0:100  0:000  FSBFrequency = 100 MHz, DMI FSBFrequency = 100 MHz, Corrected FSBFrequency = 100 MHz
0:100  0:000  MaxDiv/MinDiv: 36.0/8
0:100  0:000  Turbo: 40/41/41/42
0:100  0:000  Features: 0xBFEBFBFF
0:100  0:000  Threads: 8
0:100  0:000  Cores: 4
0:100  0:000  FSB: 100 MHz
0:100  0:000  CPU: 3600 MHz
0:100  0:000  TSC: 3600 MHz
0:100  0:000  PIS: 100 MHz
0:100  0:000  ExternalClock: 25 MHz
0:100  0:000  === [ GetDevices ] ========================================
0:100  0:000  PCI (00|00:00.00) : 8086 591F class=060000
0:100  0:000  PCI (00|00:02.00) : 8086 5912 class=030000
0:100  0:000   - GFX: Model=Intel HD Graphics 630 (Intel)
0:100  0:000  PCI (00|00:14.00) : 8086 A2AF class=0C0330
0:100  0:000  PCI (00|00:14.02) : 8086 A2B1 class=118000
0:100  0:000  PCI (00|00:16.00) : 8086 A2BA class=078000
0:100  0:000  PCI (00|00:16.03) : 8086 A2BD class=070002
0:100  0:000  PCI (00|00:17.00) : 8086 A282 class=010601
0:100  0:000  PCI (00|00:1C.00) : 8086 A296 class=060400
0:100  0:000  PCI (00|01:00.00) : 8086 24FD class=028000
0:100  0:000   - WIFI: Vendor=Intel
0:100  0:000  PCI (00|00:1D.00) : 8086 A298 class=060400
0:100  0:000  PCI (00|02:00.00) : 8086 F1A5 class=010802
0:100  0:000  PCI (00|00:1F.00) : 8086 A2C6 class=060100
0:100  0:000  PCI (00|00:1F.02) : 8086 A2A1 class=058000
0:100  0:000  PCI (00|00:1F.03) : 8086 A2F0 class=040300
0:100  0:000  PCI (00|00:1F.04) : 8086 A2A3 class=0C0500
0:100  0:000  PCI (00|00:1F.06) : 8086 15E3 class=020000
0:100  0:000   - LAN: 0 Vendor=Intel
0:100  0:000  === [ GetDefaultSettings ] ================================
0:100  0:000  Clover load options size = 16 bytes
0:100  0:000  EFI\CLOVER\N¬ŸYM…âR,Y.plist not loaded with name from LoadOptions: Invalid Parameter
0:104  0:003  EFI\CLOVER\config.plist loaded: Success
0:104  0:000  === [ GetListOfThemes ] ===================================
0:107  0:003  - [00]: High Sierra
0:111  0:003  === [ Found config plists ] ===============================
0:111  0:000  - config.plist
0:111  0:000  - config (1).plist
0:111  0:000  === [ GetEarlyUserSettings ] ==============================
0:111  0:000  timeout set to 6
0:111  0:000  Custom boot CUSTOM_BOOT_DISABLED (0x0)
0:111  0:000  KextsToPatch: 2 requested
0:111  0:000   - [00]: IOGraphicsFamily (10.13+-ç¬¬äºŒé˜¶æ®µèŠ±å±) :: MatchOS: 10.13.x :: BinPatch :: data len: 5
0:111  0:000   - [01]: IONVMeFamily (IONVMeFamily Preferred Block Size 0x10 -> 0x01 (c) Pike R. Alpha implemented by syscl adapted for 10.13.x by Ricky) :: BinPatch :: data len: 9
0:111  0:000   - patch disabled at config
0:111  0:000  KernelToPatch: 1 requested
0:111  0:000   - [00]: MSR 0xE2 _xcpm_idle instant reboot(c) Pike R. Alpha :: MatchOS: 10.12 :: data len: 8
0:111  0:000  Default theme: High Sierra
0:111  0:000  Hiding entries with string Windows
0:111  0:000  Hiding entries with string \EFI\BOOT\BOOTX64.EFI
0:111  0:000  Hiding entries with string Preboot
0:111  0:000  Hiding entries with string Recovery
0:111  0:000  === [ LoadDrivers ] =======================================
0:115  0:003  Loading HFSPlus-64.efi  status=Success
0:119  0:004   - driver needs connecting
0:119  0:000  Loading apfs.efi  status=Success
0:151  0:032   - driver needs connecting
0:151  0:000  Loading AptioInputFix.efi  status=Success
0:159  0:007  Loading FirmwareVolume-64.efi  status=Success
0:163  0:004  Loading SMCHelper-64.efi  status=Success
0:164  0:000  Loading EmuVariableUefi-64.efi  status=Success
0:165  0:000  EmuVariableUefi Initialize: VariableCommonInitialize = Success, orig services stored, install gEmuVariableControlProtocolGuid = Success
0:165  0:000  Loading AptioMemoryFix.efi  status=Success
0:169  0:004  Loading AppleImageCodec-64.efi  status=Success
0:170  0:000  Loading AppleKeyAggregator-64.efi  status=Success
0:171  0:000  Loading AppleUITheme-64.efi  status=Success
0:176  0:004  Loading FSInject-64.efi  status=Success
0:184  0:007  Loading VBoxHfs-64.efi  status=Success
0:184  0:000   - driver needs connecting
0:184  0:000  3 drivers needs connecting ...
0:184  0:000  PlatformDriverOverrideProtocol not found. Installing ... Success
0:184  0:000  HFS+ driver loaded
0:184  0:000  APFS driver loaded
0:184  0:000  Searching for invalid DiskIo BY_DRIVER connects: not found, all ok
0:731  0:547  EmuVariable InstallEmulation: orig vars copied, emu.var.services installed, CreateEvent VirtualAddressChange = Success, CreateEvent ExitBootServices = Success, set Status=Success
0:838  0:106  === [ InitScreen ] ========================================
0:838  0:000  SetScreenResolution: 1920x1080 - not found!
0:838  0:000  SetMaxResolution: found best mode 0: 1024x768
0:838  0:000   - already set
0:838  0:000  Console modes reported: 4, available modes:
0:838  0:000   - [01]: 80x25
0:838  0:000   - [03]: 100x31
0:838  0:000   - [04]: 128x40 (current mode)
0:838  0:000  SetScreenResolution: 1024x768 - already set
0:838  0:000  reinit: self device path=PciRoot(0x0)\Pci(0x14,0x0)\USB(0x2,0x0)\HD(1,MBR,0x4D424964,0x3F,0x3BBFC1)
0:838  0:000  Using embedded font: Success
0:838  0:000  === [ GetMacAddress ] =====================================
0:839  0:000  === [ ScanSPD ] ===========================================
0:839  0:000  SMBus device : 8086 A2A3 class=0C0500 status=Success
0:839  0:000  SMBus CmdReg: 0x101
0:839  0:000  Scanning SMBus [8086:A2A3], mmio: 0xFF014004, ioport: 0xEFA0, hostc: 0x11
0:839  0:000  Slots to scan [8]...
0:839  0:000  SPD[0]: Type 12 @0x50
0:857  0:017  Not using XMP because it is not present
0:857  0:000  DDR speed 2400MHz
0:857  0:000  Slot: 0 Type 26 4096MB 2400MHz Vendor=Samsung PartNo=M471A5244BB0-CRC SerialNo=02010C020504030F
0:858  0:000  SPD[2]: Type 12 @0x52
0:876  0:018  Not using XMP because it is not present
0:876  0:000  DDR speed 2400MHz
0:876  0:000  Slot: 2 Type 26 4096MB 2400MHz Vendor=Samsung PartNo=M471A5244BB0-CRC SerialNo=02010C0206080507
0:877  0:000  === [ GetAcpiTablesList ] =================================
0:877  0:000  Get Acpi Tables List from RSDT:
0:877  0:000   - [00]: FACP  SLIC-BPC len=268
0:877  0:000   - [01]: SSDT  ShmTable len=298
0:877  0:000   - [02]: UEFI  EDK2     len=66
0:877  0:000   - [03]: SSDT  SaSsdt  len=12369
0:877  0:000   - [04]: SSDT  PerfTune len=1478
0:877  0:000   - [05]: MSDM  SLIC-BPC len=85
0:877  0:000   - [06]: WSMT  829A     len=40
0:877  0:000   - [07]: HPET  829A     len=56
0:877  0:000   - [08]: APIC  829A     len=300
0:877  0:000   - [09]: MCFG  829A     len=60
0:877  0:000   - [10]: SSDT  Sata0Ide len=444
0:877  0:000   - [11]: SSDT  PtidDevc len=1844
0:877  0:000   - [12]: SSDT  CpuSsdt len=6062
0:877  0:000   - [13]: SSDT  CtdpB len=2511
0:877  0:000   - [14]: SSDT  HdaDsp len=321
0:877  0:000   - [15]: SSDT  sensrhub len=671
0:877  0:000   - [16]: SSDT  EInkApp len=838
0:877  0:000   - [17]: DBGP   len=52
0:877  0:000   - [18]: DBG2   len=84
0:877  0:000   - [19]: ASF!   UYA len=160
0:877  0:000   - [20]: FPDT  EDK2     len=68
0:877  0:000   - [21]: BGRT  EDK2     len=56
0:877  0:000  Calibrated TSC Frequency = 3600040540 = 3600MHz
0:877  0:000  === [ GetUserSettings ] ===================================
0:877  0:000  Add 1 properties:
0:877  0:000   - [00]: IntelGFX Key: AAPL,GfxYTile, len: 4
0:877  0:000  USB FixOwnership: no
0:877  0:000  Dropping 3 tables:
0:877  0:000   - [00]: Drop table  signature="DMAR" (52414D44)
0:877  0:000           - set table: 52414D44,                0 to drop: no
0:877  0:000   - [01]: Drop table  signature="SSDT" (54445353) table-id="CpuPm" (0000006D50757043)
0:877  0:000           - set table: 54445353,       6D50757043 to drop: no
0:877  0:000   - [02]: Drop table  signature="SSDT" (54445353) table-id="Cpu0Ist" (0074734930757043)
0:877  0:000           - set table: 54445353,   74734930757043 to drop: no
0:877  0:000   - final DSDT Fix mask=01008014
0:877  0:000  PatchesDSDT: 7 requested
0:877  0:000   - [00]: (change EHC1 to EH01) lenToFind: 4, lenToReplace: 4, Target Bridge: <null string>
0:877  0:000   - [01]: (change EHC2 to EH02) lenToFind: 4, lenToReplace: 4, Target Bridge: <null string>
0:877  0:000   - [02]: (change HECI to IMEI) lenToFind: 4, lenToReplace: 4, Target Bridge: <null string>
0:877  0:000   - [03]: (change HDAS to HDEF) lenToFind: 4, lenToReplace: 4, Target Bridge: <null string>
0:877  0:000   - [04]: (change PEGP to GFX0) lenToFind: 4, lenToReplace: 4, Target Bridge: <null string>
0:877  0:000   - [05]: (change GFX0 to IGPU) lenToFind: 4, lenToReplace: 4, Target Bridge: <null string>
0:877  0:000   - [06]: (change SAT0 to SATA) lenToFind: 4, lenToReplace: 4, Target Bridge: <null string>
0:877  0:000  EnableC7: yes
0:877  0:000  EnableC6: yes
0:877  0:000  EnableC4: yes
0:877  0:000  Using ProductName from config: iMac17,1
0:877  0:000  Using latest BiosVersion from clover
0:877  0:000  BiosVersion: IM171.88Z.F000.B00.1809251200
0:877  0:000  BiosReleaseDate: 09/25/2018
0:877  0:000  Using EfiVersion from clover: 161.0.0.0.0
0:877  0:000  Using FirmwareFeatures from config: 0xFC0FE137
0:877  0:000  Using FirmwareFeaturesMask from config: 0xFF1FFF3F
0:877  0:000  Board-ID set from config as Mac-B809C3757DA9BB8D
0:877  0:000  BoardType: 0xA
0:877  0:000  ChassisType: 0x9
0:881  0:003  === [ Found DSDT tables ] =================================
0:884  0:003  - DSDT.aml
0:937  0:052  === [ ScanVolumes ] =======================================
0:937  0:000  Found 12 volumes with blockIO
0:937  0:000  - [00]: Volume: PciRoot(0x0)\Pci(0x14,0x0)\USB(0x2,0x0)
0:937  0:000          Result of bootcode detection: bootable unknown (legacy)
0:937  0:000          USB volume
0:937  0:000  - [01]: Volume: PciRoot(0x0)\Pci(0x14,0x0)\USB(0x2,0x0)\HD(1,MBR,0x4D424964,0x3F,0x3BBFC1)
0:938  0:000          Result of bootcode detection: bootable unknown (legacy)
0:938  0:000          USB volume
0:938  0:000          This is SelfVolume !!
0:938  0:000  - [02]: Volume: PciRoot(0x0)\Pci(0x14,0x0)\USB(0x14,0x0)\Unit(0x0)
0:985  0:046          USB volume
0:985  0:000  - [03]: Volume: PciRoot(0x0)\Pci(0x14,0x0)\USB(0x14,0x0)\Unit(0x0)\HD(1,GPT,CAB256A1-CF07-4DE9-BCE1-D786D6CE9B78,0x28,0x64000)
0:986  0:000          Result of bootcode detection: bootable unknown (legacy)
0:986  0:000          USB volume
0:986  0:000  - [04]: Volume: PciRoot(0x0)\Pci(0x14,0x0)\USB(0x14,0x0)\Unit(0x0)\HD(2,GPT,C453CB14-3996-4C4D-B53E-4F5DCADD034B,0x64028,0xEE6B28)
0:994  0:008          USB volume
0:994  0:000  - [05]: Volume: PciRoot(0x0)\Pci(0x14,0x0)\USB(0x14,0x0)\Unit(0x0)\HD(3,GPT,EE5A7123-E80A-4276-8831-2256D679F903,0xF8AB50,0xEE6B28)
1:014  0:019          USB volume
1:014  0:000  - [06]: Volume: PciRoot(0x0)\Pci(0x14,0x0)\USB(0x14,0x0)\Unit(0x0)\HD(4,GPT,7EF4F35A-90D0-4032-8FDE-0BAA90A5FCDA,0x1EB1678,0xEE6B28)
1:027  0:012          USB volume
1:027  0:000  - [07]: Volume: PciRoot(0x0)\Pci(0x14,0x0)\USB(0x14,0x0)\Unit(0x0)\HD(5,GPT,598D17D1-23FC-43A3-B9BD-A5053F3D93D5,0x2DD81A0,0xEE6B28)
1:041  0:014          USB volume
1:041  0:000  - [08]: Volume: PciRoot(0x0)\Pci(0x14,0x0)\USB(0x14,0x0)\Unit(0x0)\HD(6,GPT,7D1E7A41-5D09-4F8E-A5B8-22FB5C0A96D0,0x3CFF000,0xEE6800)
1:055  0:013          Result of bootcode detection: bootable unknown (legacy)
1:055  0:000          USB volume
1:062  0:007  - [09]: Volume: PciRoot(0x0)\Pci(0x14,0x0)\USB(0x14,0x0)\Unit(0x0)\HD(7,GPT,B638FEE9-626C-4CC0-99C4-426608D57F9B,0x4BE5800,0x773000)
1:066  0:004          Result of bootcode detection: bootable unknown (legacy)
1:066  0:000          USB volume
1:077  0:010  - [10]: Volume: PciRoot(0x0)\Pci(0x14,0x0)\USB(0x14,0x0)\Unit(0x0)\HD(8,GPT,AD5C2686-918F-4110-BBEE-6015E74EDA51,0x5358800,0x22ECB260)
1:092  0:014          USB volume
1:092  0:000  - [11]: Volume: PciRoot(0x0)\Pci(0x1D,0x0)\Pci(0x0,0x0)\NVMe(0x1,00-00-00-00-00-00-00-00)
1:092  0:000  PutNvramPlistToRtVars: nvram.plist not found
1:092  0:000  === [ InitTheme ] =========================================
1:092  0:000  Using theme 'High Sierra' (EFI\CLOVER\themes\High Sierra)
1:092  0:000  OS main and drive as badge
1:092  0:000  Warning! Character width 23 should be even!
1:096  0:004  Loading font from ThemeDir: Success
1:097  0:000  Chosen theme High Sierra
1:097  0:000  after NVRAM boot-args=dart=0 -alcbeta -igfxbeta  -v darkwake=no -disablegfxfirmware kext-dev-mode=1 -lilubeta
1:097  0:000  === [ Dump SMC keys from NVRAM ] ==========================
1:097  0:000  found AppleSMC protocol
1:098  0:000  Registered 17 SMC keys
1:098  0:000  === [ ScanLoader ] ========================================
1:098  0:000  - [01]: '2GB'
1:098  0:000          AddLoaderEntry for Volume Name=2GB
1:098  0:000          skipped because entry is hidden
1:098  0:000  - [03]: 'EFI'
1:173  0:074          AddLoaderEntry for Volume Name=EFI
1:187  0:014          AddLoaderEntry for Volume Name=EFI
1:187  0:000          skipped because entry is hidden
1:187  0:000  - [04]: 'Install macOS Sierra'
1:197  0:010          AddLoaderEntry for Volume Name=Install macOS Sierra
1:213  0:016  - [05]: 'Install OS X Yosemite'
1:225  0:011          AddLoaderEntry for Volume Name=Install OS X Yosemite
1:232  0:007  - [06]: 'Install OS X El Capitan'
1:242  0:009          AddLoaderEntry for Volume Name=Install OS X El Capitan
1:265  0:023  - [07]: 'Install macOS High Sierra'
1:274  0:009          AddLoaderEntry for Volume Name=Install macOS High Sierra
1:297  0:022  - [08]: 'WIN10'
1:297  0:000  - [09]: 'UBUNTU'
1:297  0:000  - [10]: 'Timemachine'
1:297  0:000  === [ AddCustomTool ] =====================================
1:301  0:003  found tool \EFI\CLOVER\tools\Shell64U.efi
1:301  0:000  Checking EFI partition Volume 3 for Clover
1:301  0:000   Found Clover
1:301  0:000  EmuVariable UninstallEmulation: CloseEvent = Success, original var services restored
1:306  0:004  EmuVariable InstallEmulation: orig vars copied, emu.var.services installed, CreateEvent VirtualAddressChange = Success, CreateEvent ExitBootServices = Success, set Status=Success
1:413  0:106  === [ GetEfiBootDeviceFromNvram ] =========================
1:413  0:000   - efi-boot-device-data: PciRoot(0x0)\Pci(0x1D,0x0)\Pci(0x0,0x0)\SasEx(0x0100000000000000,0x000000007074616C,0x0,NoTopology,0,0,0)\HD(1,GPT,E062D8F9-2E72-45E5-BD65-6DA4A159B98E,0x800,0xFA000)\EFI\APPLE\UPDATERS\MULTIUPDATER\MultiUpdater.efii
1:413  0:000    - Volume: 'PciRoot(0x0)\Pci(0x1D,0x0)\Pci(0x0,0x0)\SasEx(0x0100000000000000,0x000000007074616C,0x0,NoTopology,0,0,0)\HD(1,GPT,E062D8F9-2E72-45E5-BD65-6DA4A159B98E,0x800,0xFA000)'
1:413  0:000    - LoaderPath: '\EFI\APPLE\UPDATERS\MULTIUPDATER\MultiUpdater.efi'
1:413  0:000    - Guid = E062D8F9-2E72-45E5-BD65-6DA4A159B98E
1:413  0:000  === [ FindStartupDiskVolume ] =============================
1:413  0:000    - Volume: partition = PciRoot(0x0)\Pci(0x1D,0x0)\Pci(0x0,0x0)\SasEx(0x0100000000000000,0x000000007074616C,0x0,NoTopology,0,0,0)\HD(1,GPT,E062D8F9-2E72-45E5-BD65-6DA4A159B98E,0x800,0xFA000)
1:413  0:000     - searching for that partition and loader '\EFI\APPLE\UPDATERS\MULTIUPDATER\MultiUpdater.efi'
1:413  0:000      - [!] not found
1:413  0:000     - searching again, but comparing Media dev path nodes
1:413  0:000      - [!] not found
1:413  0:000     - searching for that partition
1:413  0:000      - [!] not found
1:413  0:000     - searching again, but comparing Media dev path nodes
1:413  0:000      - [!] not found
1:413  0:000  Default boot entry not found
1:413  0:000  EmuVariable UninstallEmulation: CloseEvent = Success, original var services restored
1:413  0:000  DefaultIndex=-1 and MainMenu.EntryCount=11
1:768  0:355  GUI ready
8:499  6:731  === [ GetUserSettings ] ===================================
8:499  0:000  USB FixOwnership: yes
8:499  0:000   - final DSDT Fix mask=00000004
8:499  0:000  PatchesDSDT: 7 requested
8:499  0:000   - [00]: (change _OSI to XOSI) lenToFind: 4, lenToReplace: 4, Target Bridge: <null string>
8:499  0:000    patch disabled at config
8:499  0:000   - [01]: (change EHC1 to EH01) lenToFind: 4, lenToReplace: 4, Target Bridge: <null string>
8:499  0:000   - [02]: (change EHC2 to EH02) lenToFind: 4, lenToReplace: 4, Target Bridge: <null string>
8:499  0:000   - [03]: (change HDAS to HDEF) lenToFind: 4, lenToReplace: 4, Target Bridge: <null string>
8:499  0:000   - [04]: (change HECI to IMEI) lenToFind: 4, lenToReplace: 4, Target Bridge: <null string>
8:499  0:000   - [05]: (change MEI to IMEI) lenToFind: 4, lenToReplace: 4, Target Bridge: <null string>
8:499  0:000   - [06]: (change GFX0 to IGPU) lenToFind: 4, lenToReplace: 4, Target Bridge: <null string>
8:499  0:000  PluginType: 1
8:499  0:000  Using ProductName from config: iMac18,2
8:499  0:000  Using latest BiosVersion from clover
8:499  0:000  BiosVersion: IM183.88Z.F000.B00.1809280842
8:499  0:000  BiosReleaseDate: 09/28/2018
8:499  0:000  Using EfiVersion from clover: 166.0.0.0.0
8:499  0:000  Using FirmwareFeatures from clover: 0xFC0FE137
8:499  0:000  Using FirmwareFeaturesMask from clover: 0xFF1FFF3F
8:499  0:000  Using PlatformFeature from clover: 0x0
8:499  0:000  Board-ID set from config as Mac-77F17D7DA9285301
8:499  0:000  BoardType: 0xA
8:499  0:000  ChassisType: 0x13
10:475  1:975  ReinitSelfLib after theme change
10:475  0:000  reinit: self device path=PciRoot(0x0)\Pci(0x14,0x0)\USB(0x2,0x0)\HD(1,MBR,0x4D424964,0x3F,0x3BBFC1)
10:475  0:000  === [ ScanVolumes ] =======================================
10:475  0:000  Found 12 volumes with blockIO
10:475  0:000  - [00]: Volume: PciRoot(0x0)\Pci(0x14,0x0)\USB(0x2,0x0)
10:476  0:000          Result of bootcode detection: bootable unknown (legacy)
10:476  0:000          USB volume
10:476  0:000  - [01]: Volume: PciRoot(0x0)\Pci(0x14,0x0)\USB(0x2,0x0)\HD(1,MBR,0x4D424964,0x3F,0x3BBFC1)
10:477  0:000          Result of bootcode detection: bootable unknown (legacy)
10:477  0:000          USB volume
10:477  0:000          This is SelfVolume !!
10:477  0:000  - [02]: Volume: PciRoot(0x0)\Pci(0x14,0x0)\USB(0x14,0x0)\Unit(0x0)
10:771  0:294          USB volume
10:771  0:000  - [03]: Volume: PciRoot(0x0)\Pci(0x14,0x0)\USB(0x14,0x0)\Unit(0x0)\HD(1,GPT,CAB256A1-CF07-4DE9-BCE1-D786D6CE9B78,0x28,0x64000)
10:771  0:000          Result of bootcode detection: bootable unknown (legacy)
10:771  0:000          USB volume
10:771  0:000  - [04]: Volume: PciRoot(0x0)\Pci(0x14,0x0)\USB(0x14,0x0)\Unit(0x0)\HD(2,GPT,C453CB14-3996-4C4D-B53E-4F5DCADD034B,0x64028,0xEE6B28)
10:791  0:019          USB volume
10:791  0:000  - [05]: Volume: PciRoot(0x0)\Pci(0x14,0x0)\USB(0x14,0x0)\Unit(0x0)\HD(3,GPT,EE5A7123-E80A-4276-8831-2256D679F903,0xF8AB50,0xEE6B28)
10:811  0:020          USB volume
10:811  0:000  - [06]: Volume: PciRoot(0x0)\Pci(0x14,0x0)\USB(0x14,0x0)\Unit(0x0)\HD(4,GPT,7EF4F35A-90D0-4032-8FDE-0BAA90A5FCDA,0x1EB1678,0xEE6B28)
10:835  0:023          USB volume
10:835  0:000  - [07]: Volume: PciRoot(0x0)\Pci(0x14,0x0)\USB(0x14,0x0)\Unit(0x0)\HD(5,GPT,598D17D1-23FC-43A3-B9BD-A5053F3D93D5,0x2DD81A0,0xEE6B28)
10:849  0:013          USB volume
10:849  0:000  - [08]: Volume: PciRoot(0x0)\Pci(0x14,0x0)\USB(0x14,0x0)\Unit(0x0)\HD(6,GPT,7D1E7A41-5D09-4F8E-A5B8-22FB5C0A96D0,0x3CFF000,0xEE6800)
10:863  0:014          Result of bootcode detection: bootable unknown (legacy)
10:863  0:000          USB volume
10:863  0:000  - [09]: Volume: PciRoot(0x0)\Pci(0x14,0x0)\USB(0x14,0x0)\Unit(0x0)\HD(7,GPT,B638FEE9-626C-4CC0-99C4-426608D57F9B,0x4BE5800,0x773000)
10:885  0:021          Result of bootcode detection: bootable unknown (legacy)
10:885  0:000          USB volume
10:885  0:000  - [10]: Volume: PciRoot(0x0)\Pci(0x14,0x0)\USB(0x14,0x0)\Unit(0x0)\HD(8,GPT,AD5C2686-918F-4110-BBEE-6015E74EDA51,0x5358800,0x22ECB260)
10:899  0:013          USB volume
10:899  0:000  - [11]: Volume: PciRoot(0x0)\Pci(0x1D,0x0)\Pci(0x0,0x0)\NVMe(0x1,00-00-00-00-00-00-00-00)
10:899  0:000  === [ InitTheme ] =========================================
10:899  0:000  Using theme 'High Sierra' (EFI\CLOVER\themes\High Sierra)
10:899  0:000  OS main and drive as badge
10:899  0:000  Warning! Character width 23 should be even!
10:900  0:001  Loading font from ThemeDir: Success
10:901  0:000  Chosen theme High Sierra
10:901  0:000  after NVRAM boot-args=-lilubeta dart=0 darkwake=0 kext-dev-mode=1 -v -disablegfxfirmware
10:901  0:000  === [ ScanLoader ] ========================================
10:901  0:000  - [01]: '2GB'
10:901  0:000          AddLoaderEntry for Volume Name=2GB
10:901  0:000          skipped because entry is hidden
10:901  0:000  - [03]: 'EFI'
10:901  0:000          AddLoaderEntry for Volume Name=EFI
10:905  0:003          AddLoaderEntry for Volume Name=EFI
10:905  0:000          skipped because entry is hidden
10:905  0:000  - [04]: 'Install macOS Sierra'
10:905  0:000          AddLoaderEntry for Volume Name=Install macOS Sierra
10:906  0:000  - [05]: 'Install OS X Yosemite'
10:906  0:000          AddLoaderEntry for Volume Name=Install OS X Yosemite
10:907  0:001  - [06]: 'Install OS X El Capitan'
10:907  0:000          AddLoaderEntry for Volume Name=Install OS X El Capitan
10:908  0:000  - [07]: 'Install macOS High Sierra'
10:908  0:000          AddLoaderEntry for Volume Name=Install macOS High Sierra
10:913  0:004  - [08]: 'WIN10'
10:913  0:000  - [09]: 'UBUNTU'
10:913  0:000  - [10]: 'Timemachine'
10:913  0:000  === [ AddCustomTool ] =====================================
10:917  0:003  found tool \EFI\CLOVER\tools\Shell64U.efi
10:917  0:000  Checking EFI partition Volume 3 for Clover
10:917  0:000   Found Clover
10:917  0:000  EmuVariable UninstallEmulation: CloseEvent = Invalid Parameter, original var services restored
10:921  0:003  EmuVariable InstallEmulation: orig vars copied, emu.var.services installed, CreateEvent VirtualAddressChange = Success, CreateEvent ExitBootServices = Success, set Status=Success
11:029  0:108  === [ GetEfiBootDeviceFromNvram ] =========================
11:029  0:000  === [ FindStartupDiskVolume ] =============================
11:029  0:000    - Volume: partition = PciRoot(0x0)\Pci(0x1D,0x0)\Pci(0x0,0x0)\SasEx(0x0100000000000000,0x000000007074616C,0x0,NoTopology,0,0,0)\HD(1,GPT,E062D8F9-2E72-45E5-BD65-6DA4A159B98E,0x800,0xFA000)
11:029  0:000     - searching for that partition and loader '\EFI\APPLE\UPDATERS\MULTIUPDATER\MultiUpdater.efi'
11:029  0:000      - [!] not found
11:029  0:000     - searching again, but comparing Media dev path nodes
11:029  0:000      - [!] not found
11:029  0:000     - searching for that partition
11:029  0:000      - [!] not found
11:029  0:000     - searching again, but comparing Media dev path nodes
11:029  0:000      - [!] not found
11:029  0:000  Default boot entry not found
11:029  0:000  EmuVariable UninstallEmulation: CloseEvent = Success, original var services restored
11:029  0:000  DefaultIndex=-1 and MainMenu.EntryCount=11
15:431  4:401  not written Success
21:460  6:028   boot with args: -lilubeta dart=0 darkwake=0 kext-dev-mode=1 -v -disablegfxfirmware
21:460  0:000  ParseBootOption: invalid boot variable
21:460  0:000  BootVariable of the entry is empty
21:460  0:000  === [ StartLoader ] =======================================
21:460  0:000  Finally: ExternalClock=26MHz BusSpeed=100002kHz CPUFreq=3600MHz PIS: hw.busfrequency=104000000Hz
21:460  0:000  Loading boot.efi  status=Success
21:786  0:325  GetOSVersion: 10.13.6 (17G65)
21:786  0:000  CSR_CFG: CSR_ALLOW_UNTRUSTED_KEXTS | CSR_ALLOW_UNRESTRICTED_FS | CSR_ALLOW_TASK_FOR_PID | CSR_ALLOW_UNRESTRICTED_DTRACE | CSR_ALLOW_UNRESTRICTED_NVRAM
21:786  0:000  Filtering KextPatches:
21:786  0:000   - [00]: IOGraphicsFamily (10.13+-ç¬¬äºŒé˜¶æ®µèŠ±å±) :: BinPatch :: [OS: 10.13.6 | MatchOS: 10.13.x | MatchBuild: All] ==> allowed
21:786  0:000   - [01]: IONVMeFamily (IONVMeFamily Preferred Block Size 0x10 -> 0x01 (c) Pike R. Alpha implemented by syscl adapted for 10.13.x by Ricky) :: BinPatch :: [OS: 10.13.6 | MatchOS: All | MatchBuild: All] ==> disabled by user
21:786  0:000  Filtering KernelPatches:
21:786  0:000   - [00]: MSR 0xE2 _xcpm_idle instant reboot(c) Pike R. Alpha :: [OS: 10.13.6 | MatchOS: 10.12 | MatchBuild: no] ==> not allowed by OS
21:786  0:000  Will not patch boot.efi
21:786  0:000  EmuVariable InstallEmulation: orig vars copied, emu.var.services installed, CreateEvent VirtualAddressChange = Success, CreateEvent ExitBootServices = Success, set Status=Success
21:896  0:109  === [ PatchSmbios ] =======================================
21:896  0:000  insert table 9 for dev 1F:6
21:896  0:000  insert table 9 for dev 0:0
21:896  0:000  Trusting SMBIOS...
21:896  0:000  Detected alternating SMBIOS channel banks
21:896  0:000  Channels: 2
21:896  0:000  Interleave: 0 2 1 3 4 6 5 7 8 10 9 11 12 14 13 15 16 18 17 19 20 22 21 23
21:897  0:000   partNum=M471A5244BB0-CRC    
21:897  0:000  SMBIOS Type 17 Index = 0 => 0 0:
21:897  0:000  BANK 0 DIMM0 2400MHz 4096MB
21:897  0:000   partNum=M471A5244BB0-CRC    
21:897  0:000  SMBIOS Type 17 Index = 1 => 1 2:
21:897  0:000  BANK 1 DIMM0 2400MHz 4096MB
21:897  0:000  mTotalSystemMemory = 8192
21:897  0:000  NumberOfMemoryDevices = 2
21:897  0:000  Type20[0]->End = 0x3FFFFF, Type17[0] = 0x1000
21:897  0:000  Type20[1]->End = 0x7FFFFF, Type17[1] = 0x3000
21:897  0:000  Table 131 is present, CPUType=14
21:897  0:000  Change to: 705
21:897  0:000  === [ PatchACPI ] =========================================
21:897  0:000  Xsdt reallocation done
21:897  0:000  old FADT length=10C
21:897  0:000   SignatureFixup: 0x8996A2C0 -> 0x0
21:905  0:008  DSDT found in Clover volume OEM folder: EFI\CLOVER\ACPI\patched\DSDT.aml
21:915  0:010  Apply DsdtFixMask=0x00000004
21:915  0:000     drop _DSM mask=0x0000
21:915  0:000  === [ FixBiosDsdt ] =======================================
21:915  0:000  VideoCard devID=0x59128086
21:915  0:000  DisplayADR1[0] = 0x20000, DisplayADR2[0] = 0xFFFE
21:915  0:000  USBADR[0] = 0x140000 and PCIe = 0xFFFE
22:378  0:462  Patching DSDT:
22:378  0:000   - [change _OSI to XOSI]: disabled
22:378  0:000   - [change EHC1 to EH01]: pattern 45484331, bin not found / already patched!
22:378  0:000   - [change EHC2 to EH02]: pattern 45484332, bin not found / already patched!
22:378  0:000   - [change HDAS to HDEF]: pattern 48444153, patched at: [ (22A) (12) (9FE8) (3E1B) (84) (D) (2B) (32) (4F) (6F) ]
22:378  0:000   - [change HECI to IMEI]: pattern 48454349, patched at: [ (15E7F) ]
22:378  0:000   - [change MEI to IMEI]: pattern 4D45495F, bin not found / already patched!
22:379  0:000   - [change GFX0 to IGPU]: pattern 47465830, patched at: [ (3C) (E) (12) (12) (12) (48) (31) (4A) (400) (12) (8996) (158C) (D21A) (D) (1E) (7) (8EF) ]
22:379  0:000    0 replacements
22:379  0:000  first CPU found at 17736 offset 17739
22:379  0:000  score candidate at 17732
22:379  0:000  score inserted in acpi_cpu_score _PR_
22:379  0:000  Found ACPI CPU: PR00 | PR01 | PR02 | PR03 | PR04 | PR05 | PR06 | PR07 | PR08 | PR09 | PR10 | PR11 | PR12 | PR13 | PR14 | PR15 , within the score: _PR_
22:379  0:000  Start SHUTDOWN Fix len=1FB1D
22:379  0:000  PreCleanup XSDT: count=22, length=212
22:379  0:000  PreCleanup XSDT, corrected XSDT: count=22, length=212
22:379  0:000  === [ ACPIDropTables ] ====================================
22:379  0:000  0. [change _OSI to XOSI]: disabled
22:379  0:000  1. [change EHC1 to EH01]: pattern 45484331, bin not found / already patched!
22:379  0:000  2. [change EHC2 to EH02]: pattern 45484332, bin not found / already patched!
22:379  0:000  3. [change HDAS to HDEF]: pattern 48444153, bin not found / already patched!
22:379  0:000  4. [change HECI to IMEI]: pattern 48454349, bin not found / already patched!
22:379  0:000  5. [change MEI to IMEI]: pattern 4D45495F, bin not found / already patched!
22:379  0:000  6. [change GFX0 to IGPU]: pattern 47465830, bin not found / already patched!
22:379  0:000    0 replacements
22:379  0:000  0. [change _OSI to XOSI]: disabled
22:379  0:000  1. [change EHC1 to EH01]: pattern 45484331, bin not found / already patched!
22:379  0:000  2. [change EHC2 to EH02]: pattern 45484332, bin not found / already patched!
22:379  0:000  3. [change HDAS to HDEF]: pattern 48444153, bin not found / already patched!
22:379  0:000  4. [change HECI to IMEI]: pattern 48454349, bin not found / already patched!
22:379  0:000  5. [change MEI to IMEI]: pattern 4D45495F, bin not found / already patched!
22:379  0:000  6. [change GFX0 to IGPU]: pattern 47465830, patched at: [ (2D) (E) (12) (46) (12) (269) (25C2) (1D) (707) ]
22:379  0:000    0 replacements
22:379  0:000  Found OperationRegion(SANV, SystemMemory, C9F7E418, ...)
22:380  0:000  0. [change _OSI to XOSI]: disabled
22:380  0:000  1. [change EHC1 to EH01]: pattern 45484331, bin not found / already patched!
22:380  0:000  2. [change EHC2 to EH02]: pattern 45484332, bin not found / already patched!
22:380  0:000  3. [change HDAS to HDEF]: pattern 48444153, bin not found / already patched!
22:380  0:000  4. [change HECI to IMEI]: pattern 48454349, bin not found / already patched!
22:380  0:000  5. [change MEI to IMEI]: pattern 4D45495F, bin not found / already patched!
22:380  0:000  6. [change GFX0 to IGPU]: pattern 47465830, bin not found / already patched!
22:380  0:000    0 replacements
22:380  0:000  0. [change _OSI to XOSI]: disabled
22:380  0:000  1. [change EHC1 to EH01]: pattern 45484331, bin not found / already patched!
22:380  0:000  2. [change EHC2 to EH02]: pattern 45484332, bin not found / already patched!
22:380  0:000  3. [change HDAS to HDEF]: pattern 48444153, bin not found / already patched!
22:380  0:000  4. [change HECI to IMEI]: pattern 48454349, bin not found / already patched!
22:380  0:000  5. [change MEI to IMEI]: pattern 4D45495F, bin not found / already patched!
22:380  0:000  6. [change GFX0 to IGPU]: pattern 47465830, bin not found / already patched!
22:380  0:000    0 replacements
22:380  0:000  0. [change _OSI to XOSI]: disabled
22:380  0:000  1. [change EHC1 to EH01]: pattern 45484331, bin not found / already patched!
22:380  0:000  2. [change EHC2 to EH02]: pattern 45484332, bin not found / already patched!
22:380  0:000  3. [change HDAS to HDEF]: pattern 48444153, bin not found / already patched!
22:380  0:000  4. [change HECI to IMEI]: pattern 48454349, bin not found / already patched!
22:380  0:000  5. [change MEI to IMEI]: pattern 4D45495F, bin not found / already patched!
22:380  0:000  6. [change GFX0 to IGPU]: pattern 47465830, bin not found / already patched!
22:380  0:000    0 replacements
22:380  0:000  0. [change _OSI to XOSI]: disabled
22:380  0:000  1. [change EHC1 to EH01]: pattern 45484331, bin not found / already patched!
22:380  0:000  2. [change EHC2 to EH02]: pattern 45484332, bin not found / already patched!
22:380  0:000  3. [change HDAS to HDEF]: pattern 48444153, bin not found / already patched!
22:380  0:000  4. [change HECI to IMEI]: pattern 48454349, bin not found / already patched!
22:380  0:000  5. [change MEI to IMEI]: pattern 4D45495F, bin not found / already patched!
22:380  0:000  6. [change GFX0 to IGPU]: pattern 47465830, bin not found / already patched!
22:380  0:000    0 replacements
22:380  0:000  Found OperationRegion(PNVS, SystemMemory, B80AF000, ...)
22:380  0:000  0. [change _OSI to XOSI]: disabled
22:380  0:000  1. [change EHC1 to EH01]: pattern 45484331, bin not found / already patched!
22:380  0:000  2. [change EHC2 to EH02]: pattern 45484332, bin not found / already patched!
22:380  0:000  3. [change HDAS to HDEF]: pattern 48444153, bin not found / already patched!
22:380  0:000  4. [change HECI to IMEI]: pattern 48454349, bin not found / already patched!
22:380  0:000  5. [change MEI to IMEI]: pattern 4D45495F, bin not found / already patched!
22:380  0:000  6. [change GFX0 to IGPU]: pattern 47465830, bin not found / already patched!
22:380  0:000    0 replacements
22:380  0:000  0. [change _OSI to XOSI]: disabled
22:380  0:000  1. [change EHC1 to EH01]: pattern 45484331, bin not found / already patched!
22:380  0:000  2. [change EHC2 to EH02]: pattern 45484332, bin not found / already patched!
22:380  0:000  3. [change HDAS to HDEF]: pattern 48444153, patched at: [ (20) (48) ]
22:380  0:000  4. [change HECI to IMEI]: pattern 48454349, bin not found / already patched!
22:380  0:000  5. [change MEI to IMEI]: pattern 4D45495F, bin not found / already patched!
22:380  0:000  6. [change GFX0 to IGPU]: pattern 47465830, bin not found / already patched!
22:380  0:000    0 replacements
22:380  0:000  0. [change _OSI to XOSI]: disabled
22:380  0:000  1. [change EHC1 to EH01]: pattern 45484331, bin not found / already patched!
22:380  0:000  2. [change EHC2 to EH02]: pattern 45484332, bin not found / already patched!
22:380  0:000  3. [change HDAS to HDEF]: pattern 48444153, bin not found / already patched!
22:380  0:000  4. [change HECI to IMEI]: pattern 48454349, bin not found / already patched!
22:380  0:000  5. [change MEI to IMEI]: pattern 4D45495F, bin not found / already patched!
22:380  0:000  6. [change GFX0 to IGPU]: pattern 47465830, bin not found / already patched!
22:380  0:000    0 replacements
22:380  0:000  0. [change _OSI to XOSI]: disabled
22:380  0:000  1. [change EHC1 to EH01]: pattern 45484331, bin not found / already patched!
22:380  0:000  2. [change EHC2 to EH02]: pattern 45484332, bin not found / already patched!
22:380  0:000  3. [change HDAS to HDEF]: pattern 48444153, bin not found / already patched!
22:380  0:000  4. [change HECI to IMEI]: pattern 48454349, bin not found / already patched!
22:380  0:000  5. [change MEI to IMEI]: pattern 4D45495F, bin not found / already patched!
22:380  0:000  6. [change GFX0 to IGPU]: pattern 47465830, bin not found / already patched!
22:380  0:000    0 replacements
22:380  0:000  CPUBase=0 and ApicCPUBase=1 ApicCPUNum=16
22:380  0:000  Cleanup XSDT: count=22, length=212
22:380  0:000  corrected XSDT count=22, length=212
22:380  0:000  === [ RestSetup macOS ] ===================================
22:380  0:000  EdidDiscovered size=128
22:380  0:000  --- Discovered EDID Table size:128
22:380  0:000  000  |  00  FF  FF  FF  FF  FF  FF  00  5A  63
22:380  0:000  010  |  2C  34  01  01  01  01  33  17  01  03
22:380  0:000  020  |  80  33  1D  78  2E  E5  95  A6  56  52
22:380  0:000  030  |  9D  27  10  50  54  BF  EF  80  B3  00
22:380  0:000  040  |  A9  40  95  00  90  40  81  80  81  40
22:380  0:000  050  |  71  4F  31  0A  02  3A  80  18  71  38
22:380  0:000  060  |  2D  40  58  2C  45  00  FD  1E  11  00
22:380  0:000  070  |  00  1E  00  00  00  FF  00  54  41  41
22:380  0:000  080  |  31  33  35  31  32  30  37  32  35  0A
22:380  0:000  090  |  00  00  00  FD  00  32  4C  18  53  12
22:380  0:000  100  |  00  0A  20  20  20  20  20  20  00  00
22:380  0:000  110  |  00  FC  00  56  58  32  33  37  30  20
22:380  0:000  120  |  53  45  52  49  45  53  00  2C
22:380  0:000  Intel GFX injection not set
22:380  0:000   RCBA disabled; cannot use it
22:843  0:462   codec not detected
22:843  0:000  stringlength = 970
22:843  0:000  CurrentMode: Width=1024 Height=768
22:843  0:000  Beginning FSInjection
FSInjectionInstall ...
- Our FSI_SIMPLE_FILE_SYSTEM_PROTOCOL installed on handle: C618CD98
FSInjectionInstall ...
- Our FSI_SIMPLE_FILE_SYSTEM_PROTOCOL installed on handle: C618CD98
22:843  0:000  Use origin smbios table type 1 guid.
22:846  0:002  Preparing kexts injection for arch=x86_64 from EFI\CLOVER\kexts\Other
22:846  0:000  Extra kext: EFI\CLOVER\kexts\Other\FakeSMC_GPUSensors.kext (v.1800)
22:851  0:004  Extra kext: EFI\CLOVER\kexts\Other\FakeSMC_CPUSensors.kext (v.1800)
22:854  0:003  Extra kext: EFI\CLOVER\kexts\Other\FakeSMC_ACPISensors.kext (v.1800)
22:861  0:007  Extra kext: EFI\CLOVER\kexts\Other\FakeSMC_SMMSensors.kext (v.1800)
22:865  0:003  Extra kext: EFI\CLOVER\kexts\Other\WhateverGreen.kext (v.1.2.4)
22:888  0:022  Extra kext: EFI\CLOVER\kexts\Other\FakeSMC_LPCSensors.kext (v.1800)
22:898  0:010  Extra kext: EFI\CLOVER\kexts\Other\FakeSMC.kext (v.1800)
22:906  0:007  Extra kext: EFI\CLOVER\kexts\Other\Lilu.kext (v.1.2.8)
22:913  0:007  Custom boot screen not used because entry has unset use graphics
22:913  0:000  Closing log
